  ConsoleApplication9.cpp
C:\Users\egor2\source\repos\ConsoleApplication9\ConsoleApplication9\ConsoleApplication9.cpp(8,25): warning C4566: символ, представленный универсальным именем символа "\u2665", невозможно представить в текущей кодовой странице (1251)
C:\Users\egor2\source\repos\ConsoleApplication9\ConsoleApplication9\ConsoleApplication9.cpp(8,32): warning C4566: символ, представленный универсальным именем символа "\u2666", невозможно представить в текущей кодовой странице (1251)
C:\Users\egor2\source\repos\ConsoleApplication9\ConsoleApplication9\ConsoleApplication9.cpp(8,39): warning C4566: символ, представленный универсальным именем символа "\u2663", невозможно представить в текущей кодовой странице (1251)
C:\Users\egor2\source\repos\ConsoleApplication9\ConsoleApplication9\ConsoleApplication9.cpp(8,46): warning C4566: символ, представленный универсальным именем символа "\u2660", невозможно представить в текущей кодовой странице (1251)
C:\Users\egor2\source\repos\ConsoleApplication9\ConsoleApplication9\ConsoleApplication9.cpp(44,35): error C2440: =: невозможно преобразовать "const char [10]" в "LPCWSTR"
C:\Users\egor2\source\repos\ConsoleApplication9\ConsoleApplication9\ConsoleApplication9.cpp(44,24): message : Типы, на которые указывают указатели, не связаны; для преобразования требуется reinterpret_cast, приведение в стиле С или приведение в стиле функции
C:\Users\egor2\source\repos\ConsoleApplication9\ConsoleApplication9\ConsoleApplication9.cpp(47,12): error C2664: "HWND CreateWindowExW(DWORD,LPCWSTR,LPCWSTR,DWORD,int,int,int,int,HWND,HMENU,HINSTANCE,LPVOID)": невозможно преобразовать аргумент 2 из "const char [10]" в "LPCWSTR"
C:\Users\egor2\source\repos\ConsoleApplication9\ConsoleApplication9\ConsoleApplication9.cpp(47,12): message : Типы, на которые указывают указатели, не связаны; для преобразования требуется reinterpret_cast, приведение в стиле С или приведение в стиле функции
C:\Program Files (x86)\Windows Kits\10\Include\10.0.19041.0\um\winuser.h(4432,1): message : см. объявление "CreateWindowExW"
C:\Users\egor2\source\repos\ConsoleApplication9\ConsoleApplication9\ConsoleApplication9.cpp(77,49): error C2664: "BOOL TextOutW(HDC,int,int,LPCWSTR,int)": невозможно преобразовать аргумент 4 из "const char [8]" в "LPCWSTR"
C:\Users\egor2\source\repos\ConsoleApplication9\ConsoleApplication9\ConsoleApplication9.cpp(77,32): message : Типы, на которые указывают указатели, не связаны; для преобразования требуется reinterpret_cast, приведение в стиле С или приведение в стиле функции
C:\Program Files (x86)\Windows Kits\10\Include\10.0.19041.0\um\wingdi.h(5101,25): message : см. объявление "TextOutW"
C:\Users\egor2\source\repos\ConsoleApplication9\ConsoleApplication9\ConsoleApplication9.cpp(78,49): error C2664: "BOOL TextOutW(HDC,int,int,LPCWSTR,int)": невозможно преобразовать аргумент 4 из "const char [8]" в "LPCWSTR"
C:\Users\egor2\source\repos\ConsoleApplication9\ConsoleApplication9\ConsoleApplication9.cpp(78,32): message : Типы, на которые указывают указатели, не связаны; для преобразования требуется reinterpret_cast, приведение в стиле С или приведение в стиле функции
C:\Program Files (x86)\Windows Kits\10\Include\10.0.19041.0\um\wingdi.h(5101,25): message : см. объявление "TextOutW"
C:\Users\egor2\source\repos\ConsoleApplication9\ConsoleApplication9\ConsoleApplication9.cpp(98,79): error C2664: "int MessageBoxW(HWND,LPCWSTR,LPCWSTR,UINT)": невозможно преобразовать аргумент 2 из "const char [16]" в "LPCWSTR"
C:\Users\egor2\source\repos\ConsoleApplication9\ConsoleApplication9\ConsoleApplication9.cpp(98,30): message : Типы, на которые указывают указатели, не связаны; для преобразования требуется reinterpret_cast, приведение в стиле С или приведение в стиле функции
C:\Program Files (x86)\Windows Kits\10\Include\10.0.19041.0\um\winuser.h(9161,1): message : см. объявление "MessageBoxW"
C:\Users\egor2\source\repos\ConsoleApplication9\ConsoleApplication9\ConsoleApplication9.cpp(128,15): warning C4244: аргумент: преобразование "time_t" в "unsigned int", возможна потеря данных
C:\Users\egor2\source\repos\ConsoleApplication9\ConsoleApplication9\ConsoleApplication9.cpp(150,52): error C2664: "BOOL TextOutW(HDC,int,int,LPCWSTR,int)": невозможно преобразовать аргумент 4 из "char [10]" в "LPCWSTR"
C:\Users\egor2\source\repos\ConsoleApplication9\ConsoleApplication9\ConsoleApplication9.cpp(150,34): message : Типы, на которые указывают указатели, не связаны; для преобразования требуется reinterpret_cast, приведение в стиле С или приведение в стиле функции
C:\Program Files (x86)\Windows Kits\10\Include\10.0.19041.0\um\wingdi.h(5101,25): message : см. объявление "TextOutW"
C:\Users\egor2\source\repos\ConsoleApplication9\ConsoleApplication9\ConsoleApplication9.cpp(148,5): error C4996: 'sprintf': This function or variable may be unsafe. Consider using sprintf_s instead. To disable deprecation, use _CRT_SECURE_NO_WARNINGS. See online help for details.
C:\Users\egor2\source\repos\ConsoleApplication9\ConsoleApplication9\ConsoleApplication9.cpp(156,52): error C2664: "BOOL TextOutW(HDC,int,int,LPCWSTR,int)": невозможно преобразовать аргумент 4 из "const char *" в "LPCWSTR"
C:\Users\egor2\source\repos\ConsoleApplication9\ConsoleApplication9\ConsoleApplication9.cpp(156,34): message : Типы, на которые указывают указатели, не связаны; для преобразования требуется reinterpret_cast, приведение в стиле С или приведение в стиле функции
C:\Program Files (x86)\Windows Kits\10\Include\10.0.19041.0\um\wingdi.h(5101,25): message : см. объявление "TextOutW"
